<?xml version="1.0" encoding="UTF-8"?>
<testng-results ignored="0" total="1" passed="1" failed="0" skipped="0">
  <reporter-output>
  </reporter-output>
  <suite started-at="2020-08-24T12:00:32 EDT" name="Suite" finished-at="2020-08-24T12:00:43 EDT" duration-ms="10603">
    <groups>
    </groups>
    <test started-at="2020-08-24T12:00:32 EDT" name="Test" finished-at="2020-08-24T12:00:43 EDT" duration-ms="10603">
      <class name="com.TestNG.Orangehrm">
        <test-method is-config="true" signature="LaunchApp()[pri:0, instance:com.TestNG.Orangehrm@33afa13b]" started-at="2020-08-24T12:00:32 EDT" name="LaunchApp" finished-at="2020-08-24T12:00:41 EDT" duration-ms="8215" status="PASS">
          <reporter-output>
          </reporter-output>
        </test-method> <!-- LaunchApp -->
        <test-method signature="Login()[pri:0, instance:com.TestNG.Orangehrm@33afa13b]" started-at="2020-08-24T12:00:41 EDT" name="Login" finished-at="2020-08-24T12:00:43 EDT" duration-ms="2250" status="PASS">
          <reporter-output>
          </reporter-output>
        </test-method> <!-- Login -->
        <test-method is-config="true" signature="CloseApp()[pri:0, instance:com.TestNG.Orangehrm@33afa13b]" started-at="2020-08-24T12:00:43 EDT" name="CloseApp" finished-at="2020-08-24T12:00:43 EDT" duration-ms="89" status="PASS">
          <reporter-output>
          </reporter-output>
        </test-method> <!-- CloseApp -->
      </class> <!-- com.TestNG.Orangehrm -->
    </test> <!-- Test -->
  </suite> <!-- Suite -->
</testng-results>
